{"C:\\D Drive\\Namaste-react\\src\\components\\Contact.jsx": {"path":"C:\\D Drive\\Namaste-react\\src\\components\\Contact.jsx","statementMap":{"0":{"start":{"line":5,"column":16},"end":{"line":191,"column":1}},"1":{"start":{"line":6,"column":30},"end":{"line":6,"column":45}},"2":{"start":{"line":8,"column":2},"end":{"line":190,"column":4}}},"fnMap":{"0":{"name":"(anonymous_0)","decl":{"start":{"line":5,"column":16},"end":{"line":5,"column":17}},"loc":{"start":{"line":5,"column":22},"end":{"line":191,"column":1}},"line":5}},"branchMap":{},"s":{"0":1,"1":3,"2":3},"f":{"0":3},"b":{},"_coverageSchema":"1a1c01bbd47fc00a2c39e90264f33305004495a9","hash":"d65642d3f3bec767310f4de0f47fcb4219636c8e"}
,"C:\\D Drive\\Namaste-react\\src\\components\\Header.jsx": {"path":"C:\\D Drive\\Namaste-react\\src\\components\\Header.jsx","statementMap":{"0":{"start":{"line":8,"column":15},"end":{"line":83,"column":1}},"1":{"start":{"line":9,"column":32},"end":{"line":9,"column":49}},"2":{"start":{"line":11,"column":15},"end":{"line":11,"column":38}},"3":{"start":{"line":12,"column":23},"end":{"line":12,"column":40}},"4":{"start":{"line":13,"column":20},"end":{"line":13,"column":60}},"5":{"start":{"line":13,"column":43},"end":{"line":13,"column":59}},"6":{"start":{"line":15,"column":2},"end":{"line":82,"column":4}},"7":{"start":{"line":75,"column":27},"end":{"line":75,"column":79}}},"fnMap":{"0":{"name":"(anonymous_0)","decl":{"start":{"line":8,"column":15},"end":{"line":8,"column":16}},"loc":{"start":{"line":8,"column":21},"end":{"line":83,"column":1}},"line":8},"1":{"name":"(anonymous_1)","decl":{"start":{"line":13,"column":32},"end":{"line":13,"column":33}},"loc":{"start":{"line":13,"column":43},"end":{"line":13,"column":59}},"line":13},"2":{"name":"(anonymous_2)","decl":{"start":{"line":75,"column":21},"end":{"line":75,"column":22}},"loc":{"start":{"line":75,"column":27},"end":{"line":75,"column":79}},"line":75}},"branchMap":{"0":{"loc":{"start":{"line":27,"column":29},"end":{"line":27,"column":55}},"type":"cond-expr","locations":[{"start":{"line":27,"column":44},"end":{"line":27,"column":48}},{"start":{"line":27,"column":51},"end":{"line":27,"column":55}}],"line":27},"1":{"loc":{"start":{"line":75,"column":38},"end":{"line":75,"column":78}},"type":"cond-expr","locations":[{"start":{"line":75,"column":60},"end":{"line":75,"column":68}},{"start":{"line":75,"column":71},"end":{"line":75,"column":78}}],"line":75}},"s":{"0":1,"1":5,"2":5,"3":5,"4":5,"5":9,"6":5,"7":1},"f":{"0":5,"1":9,"2":1},"b":{"0":[5,0],"1":[1,0]},"_coverageSchema":"1a1c01bbd47fc00a2c39e90264f33305004495a9","hash":"94bf7206247a0fb75ecbb4ddfa6bd0b7e3be259c"}
,"C:\\D Drive\\Namaste-react\\src\\components\\RestaurantCard.jsx": {"path":"C:\\D Drive\\Namaste-react\\src\\components\\RestaurantCard.jsx","statementMap":{"0":{"start":{"line":4,"column":23},"end":{"line":52,"column":1}},"1":{"start":{"line":5,"column":22},"end":{"line":5,"column":27}},"2":{"start":{"line":9,"column":4},"end":{"line":9,"column":11}},"3":{"start":{"line":12,"column":25},"end":{"line":17,"column":3}},"4":{"start":{"line":13,"column":4},"end":{"line":13,"column":40}},"5":{"start":{"line":13,"column":23},"end":{"line":13,"column":40}},"6":{"start":{"line":14,"column":4},"end":{"line":14,"column":40}},"7":{"start":{"line":14,"column":23},"end":{"line":14,"column":40}},"8":{"start":{"line":15,"column":4},"end":{"line":15,"column":40}},"9":{"start":{"line":15,"column":23},"end":{"line":15,"column":40}},"10":{"start":{"line":16,"column":4},"end":{"line":16,"column":21}},"11":{"start":{"line":19,"column":2},"end":{"line":51,"column":4}},"12":{"start":{"line":54,"column":28},"end":{"line":65,"column":1}},"13":{"start":{"line":55,"column":2},"end":{"line":64,"column":4}},"14":{"start":{"line":56,"column":4},"end":{"line":63,"column":6}}},"fnMap":{"0":{"name":"(anonymous_0)","decl":{"start":{"line":4,"column":23},"end":{"line":4,"column":24}},"loc":{"start":{"line":4,"column":34},"end":{"line":52,"column":1}},"line":4},"1":{"name":"(anonymous_1)","decl":{"start":{"line":12,"column":25},"end":{"line":12,"column":26}},"loc":{"start":{"line":12,"column":37},"end":{"line":17,"column":3}},"line":12},"2":{"name":"(anonymous_2)","decl":{"start":{"line":54,"column":28},"end":{"line":54,"column":29}},"loc":{"start":{"line":54,"column":48},"end":{"line":65,"column":1}},"line":54},"3":{"name":"(anonymous_3)","decl":{"start":{"line":55,"column":9},"end":{"line":55,"column":10}},"loc":{"start":{"line":55,"column":20},"end":{"line":64,"column":3}},"line":55}},"branchMap":{"0":{"loc":{"start":{"line":13,"column":4},"end":{"line":13,"column":40}},"type":"if","locations":[{"start":{"line":13,"column":4},"end":{"line":13,"column":40}},{"start":{},"end":{}}],"line":13},"1":{"loc":{"start":{"line":14,"column":4},"end":{"line":14,"column":40}},"type":"if","locations":[{"start":{"line":14,"column":4},"end":{"line":14,"column":40}},{"start":{},"end":{}}],"line":14},"2":{"loc":{"start":{"line":15,"column":4},"end":{"line":15,"column":40}},"type":"if","locations":[{"start":{"line":15,"column":4},"end":{"line":15,"column":40}},{"start":{},"end":{}}],"line":15}},"s":{"0":1,"1":1,"2":1,"3":1,"4":1,"5":0,"6":1,"7":1,"8":0,"9":0,"10":0,"11":1,"12":1,"13":1,"14":1},"f":{"0":1,"1":1,"2":1,"3":1},"b":{"0":[0,1],"1":[1,0],"2":[0,0]},"_coverageSchema":"1a1c01bbd47fc00a2c39e90264f33305004495a9","hash":"4a0ac66c4908a74da262ec8579b6997f3b9df022"}
,"C:\\D Drive\\Namaste-react\\src\\components\\sum.js": {"path":"C:\\D Drive\\Namaste-react\\src\\components\\sum.js","statementMap":{"0":{"start":{"line":1,"column":19},"end":{"line":3,"column":1}},"1":{"start":{"line":2,"column":2},"end":{"line":2,"column":15}}},"fnMap":{"0":{"name":"(anonymous_0)","decl":{"start":{"line":1,"column":19},"end":{"line":1,"column":20}},"loc":{"start":{"line":1,"column":29},"end":{"line":3,"column":1}},"line":1}},"branchMap":{},"s":{"0":1,"1":1},"f":{"0":1},"b":{},"_coverageSchema":"1a1c01bbd47fc00a2c39e90264f33305004495a9","hash":"abe7774ca51755697e41602fcb58c3cabdbaa9c1"}
,"C:\\D Drive\\Namaste-react\\src\\utils\\UserContext.js": {"path":"C:\\D Drive\\Namaste-react\\src\\utils\\UserContext.js","statementMap":{"0":{"start":{"line":3,"column":20},"end":{"line":5,"column":2}}},"fnMap":{},"branchMap":{},"s":{"0":1},"f":{},"b":{},"_coverageSchema":"1a1c01bbd47fc00a2c39e90264f33305004495a9","hash":"617a8644e28a6734516dffb1a3c087fc56fb1bb0"}
,"C:\\D Drive\\Namaste-react\\src\\utils\\appStore.js": {"path":"C:\\D Drive\\Namaste-react\\src\\utils\\appStore.js","statementMap":{"0":{"start":{"line":4,"column":17},"end":{"line":8,"column":2}}},"fnMap":{},"branchMap":{},"s":{"0":1},"f":{},"b":{},"_coverageSchema":"1a1c01bbd47fc00a2c39e90264f33305004495a9","hash":"e8883c059629eda5a32183406664cab7b8666cff"}
,"C:\\D Drive\\Namaste-react\\src\\utils\\cartSlice.js": {"path":"C:\\D Drive\\Namaste-react\\src\\utils\\cartSlice.js","statementMap":{"0":{"start":{"line":3,"column":18},"end":{"line":21,"column":2}},"1":{"start":{"line":10,"column":6},"end":{"line":10,"column":39}},"2":{"start":{"line":13,"column":6},"end":{"line":13,"column":44}},"3":{"start":{"line":18,"column":6},"end":{"line":18,"column":29}},"4":{"start":{"line":23,"column":50},"end":{"line":23,"column":67}}},"fnMap":{"0":{"name":"(anonymous_0)","decl":{"start":{"line":9,"column":13},"end":{"line":9,"column":14}},"loc":{"start":{"line":9,"column":32},"end":{"line":11,"column":5}},"line":9},"1":{"name":"(anonymous_1)","decl":{"start":{"line":12,"column":16},"end":{"line":12,"column":17}},"loc":{"start":{"line":12,"column":35},"end":{"line":14,"column":5}},"line":12},"2":{"name":"(anonymous_2)","decl":{"start":{"line":15,"column":15},"end":{"line":15,"column":16}},"loc":{"start":{"line":15,"column":26},"end":{"line":19,"column":5}},"line":15}},"branchMap":{},"s":{"0":1,"1":0,"2":0,"3":0,"4":1},"f":{"0":0,"1":0,"2":0},"b":{},"_coverageSchema":"1a1c01bbd47fc00a2c39e90264f33305004495a9","hash":"f76a81a1548b7ecbc5325ffcd9ea2abe0664fde6"}
,"C:\\D Drive\\Namaste-react\\src\\utils\\constants.js": {"path":"C:\\D Drive\\Namaste-react\\src\\utils\\constants.js","statementMap":{"0":{"start":{"line":2,"column":2},"end":{"line":2,"column":73}},"1":{"start":{"line":3,"column":20},"end":{"line":3,"column":36}},"2":{"start":{"line":5,"column":2},"end":{"line":5,"column":85}},"3":{"start":{"line":8,"column":2},"end":{"line":8,"column":124}},"4":{"start":{"line":10,"column":2},"end":{"line":10,"column":69}},"5":{"start":{"line":12,"column":2},"end":{"line":12,"column":69}}},"fnMap":{},"branchMap":{},"s":{"0":2,"1":2,"2":2,"3":2,"4":2,"5":2},"f":{},"b":{},"_coverageSchema":"1a1c01bbd47fc00a2c39e90264f33305004495a9","hash":"902c6aeac6d56454f922cba61322e42483d3d06d"}
,"C:\\D Drive\\Namaste-react\\src\\utils\\useOnlineStatus.js": {"path":"C:\\D Drive\\Namaste-react\\src\\utils\\useOnlineStatus.js","statementMap":{"0":{"start":{"line":3,"column":24},"end":{"line":16,"column":1}},"1":{"start":{"line":4,"column":42},"end":{"line":4,"column":56}},"2":{"start":{"line":7,"column":2},"end":{"line":14,"column":9}},"3":{"start":{"line":8,"column":4},"end":{"line":10,"column":7}},"4":{"start":{"line":9,"column":6},"end":{"line":9,"column":29}},"5":{"start":{"line":11,"column":4},"end":{"line":13,"column":7}},"6":{"start":{"line":12,"column":6},"end":{"line":12,"column":28}},"7":{"start":{"line":15,"column":2},"end":{"line":15,"column":22}}},"fnMap":{"0":{"name":"(anonymous_0)","decl":{"start":{"line":3,"column":24},"end":{"line":3,"column":25}},"loc":{"start":{"line":3,"column":30},"end":{"line":16,"column":1}},"line":3},"1":{"name":"(anonymous_1)","decl":{"start":{"line":7,"column":12},"end":{"line":7,"column":13}},"loc":{"start":{"line":7,"column":18},"end":{"line":14,"column":3}},"line":7},"2":{"name":"(anonymous_2)","decl":{"start":{"line":8,"column":39},"end":{"line":8,"column":40}},"loc":{"start":{"line":8,"column":45},"end":{"line":10,"column":5}},"line":8},"3":{"name":"(anonymous_3)","decl":{"start":{"line":11,"column":38},"end":{"line":11,"column":39}},"loc":{"start":{"line":11,"column":44},"end":{"line":13,"column":5}},"line":11}},"branchMap":{},"s":{"0":1,"1":5,"2":5,"3":4,"4":0,"5":4,"6":0,"7":5},"f":{"0":5,"1":4,"2":0,"3":0},"b":{},"_coverageSchema":"1a1c01bbd47fc00a2c39e90264f33305004495a9","hash":"a6dfdddc290ca5f414288b08ab1b0512addf44b6"}
}
