TN:
SF:src\components\Contact.jsx
FN:5,(anonymous_0)
FNF:1
FNH:1
FNDA:3,(anonymous_0)
DA:5,1
DA:6,3
DA:8,3
LF:3
LH:3
BRF:0
BRH:0
end_of_record
TN:
SF:src\components\Header.jsx
FN:8,(anonymous_0)
FN:13,(anonymous_1)
FN:75,(anonymous_2)
FNF:3
FNH:3
FNDA:5,(anonymous_0)
FNDA:9,(anonymous_1)
FNDA:1,(anonymous_2)
DA:8,1
DA:9,5
DA:11,5
DA:12,5
DA:13,9
DA:15,5
DA:75,1
LF:7
LH:7
BRDA:27,0,0,5
BRDA:27,0,1,0
BRDA:75,1,0,1
BRDA:75,1,1,0
BRF:4
BRH:2
end_of_record
TN:
SF:src\components\RestaurantCard.jsx
FN:4,(anonymous_0)
FN:12,(anonymous_1)
FN:54,(anonymous_2)
FN:55,(anonymous_3)
FNF:4
FNH:4
FNDA:1,(anonymous_0)
FNDA:1,(anonymous_1)
FNDA:1,(anonymous_2)
FNDA:1,(anonymous_3)
DA:4,1
DA:5,1
DA:9,1
DA:12,1
DA:13,1
DA:14,1
DA:15,0
DA:16,0
DA:19,1
DA:54,1
DA:55,1
DA:56,1
LF:12
LH:10
BRDA:13,0,0,0
BRDA:13,0,1,1
BRDA:14,1,0,1
BRDA:14,1,1,0
BRDA:15,2,0,0
BRDA:15,2,1,0
BRF:6
BRH:2
end_of_record
TN:
SF:src\components\sum.js
FN:1,(anonymous_0)
FNF:1
FNH:1
FNDA:1,(anonymous_0)
DA:1,1
DA:2,1
LF:2
LH:2
BRF:0
BRH:0
end_of_record
TN:
SF:src\utils\UserContext.js
FNF:0
FNH:0
DA:3,1
LF:1
LH:1
BRF:0
BRH:0
end_of_record
TN:
SF:src\utils\appStore.js
FNF:0
FNH:0
DA:4,1
LF:1
LH:1
BRF:0
BRH:0
end_of_record
TN:
SF:src\utils\cartSlice.js
FN:9,(anonymous_0)
FN:12,(anonymous_1)
FN:15,(anonymous_2)
FNF:3
FNH:0
FNDA:0,(anonymous_0)
FNDA:0,(anonymous_1)
FNDA:0,(anonymous_2)
DA:3,1
DA:10,0
DA:13,0
DA:18,0
DA:23,1
LF:5
LH:2
BRF:0
BRH:0
end_of_record
TN:
SF:src\utils\constants.js
FNF:0
FNH:0
DA:2,2
DA:3,2
DA:5,2
DA:8,2
DA:10,2
DA:12,2
LF:6
LH:6
BRF:0
BRH:0
end_of_record
TN:
SF:src\utils\useOnlineStatus.js
FN:3,(anonymous_0)
FN:7,(anonymous_1)
FN:8,(anonymous_2)
FN:11,(anonymous_3)
FNF:4
FNH:2
FNDA:5,(anonymous_0)
FNDA:4,(anonymous_1)
FNDA:0,(anonymous_2)
FNDA:0,(anonymous_3)
DA:3,1
DA:4,5
DA:7,5
DA:8,4
DA:9,0
DA:11,4
DA:12,0
DA:15,5
LF:8
LH:6
BRF:0
BRH:0
end_of_record
